Analysis & Synthesis report for loop_unrolled_ctr
Sun Jan 01 21:42:46 2023
Quartus Prime Version 20.1.1 Build 720 11/11/2020 SJ Lite Edition


---------------------
; Table of Contents ;
---------------------
  1. Legal Notice
  2. Analysis & Synthesis Summary
  3. Analysis & Synthesis Settings
  4. Parallel Compilation
  5. Analysis & Synthesis Source Files Read
  6. Analysis & Synthesis Resource Usage Summary
  7. Analysis & Synthesis Resource Utilization by Entity
  8. State Machine - |loop_unrolled_ctr|pr_state
  9. General Register Statistics
 10. Multiplexer Restructuring Statistics (Restructuring Performed)
 11. Port Connectivity Checks: "key_sch:sch_0"
 12. Post-Synthesis Netlist Statistics for Top Partition
 13. Elapsed Time Per Partition
 14. Analysis & Synthesis Messages



----------------
; Legal Notice ;
----------------
Copyright (C) 2020  Intel Corporation. All rights reserved.
Your use of Intel Corporation's design tools, logic functions 
and other software and tools, and any partner logic 
functions, and any output files from any of the foregoing 
(including device programming or simulation files), and any 
associated documentation or information are expressly subject 
to the terms and conditions of the Intel Program License 
Subscription Agreement, the Intel Quartus Prime License Agreement,
the Intel FPGA IP License Agreement, or other applicable license
agreement, including, without limitation, that your use is for
the sole purpose of programming logic devices manufactured by
Intel and sold by Intel or its authorized distributors.  Please
refer to the applicable agreement for further details, at
https://fpgasoftware.intel.com/eula.



+-------------------------------------------------------------------------------+
; Analysis & Synthesis Summary                                                  ;
+---------------------------------+---------------------------------------------+
; Analysis & Synthesis Status     ; Successful - Sun Jan 01 21:42:46 2023       ;
; Quartus Prime Version           ; 20.1.1 Build 720 11/11/2020 SJ Lite Edition ;
; Revision Name                   ; loop_unrolled_ctr                           ;
; Top-level Entity Name           ; loop_unrolled_ctr                           ;
; Family                          ; Cyclone V                                   ;
; Logic utilization (in ALMs)     ; N/A                                         ;
; Total registers                 ; 428                                         ;
; Total pins                      ; 258                                         ;
; Total virtual pins              ; 0                                           ;
; Total block memory bits         ; 0                                           ;
; Total DSP Blocks                ; 0                                           ;
; Total HSSI RX PCSs              ; 0                                           ;
; Total HSSI PMA RX Deserializers ; 0                                           ;
; Total HSSI TX PCSs              ; 0                                           ;
; Total HSSI PMA TX Serializers   ; 0                                           ;
; Total PLLs                      ; 0                                           ;
; Total DLLs                      ; 0                                           ;
+---------------------------------+---------------------------------------------+


+---------------------------------------------------------------------------------------------------------------------------+
; Analysis & Synthesis Settings                                                                                             ;
+---------------------------------------------------------------------------------+--------------------+--------------------+
; Option                                                                          ; Setting            ; Default Value      ;
+---------------------------------------------------------------------------------+--------------------+--------------------+
; Device                                                                          ; 5CSXFC6D6F31C6     ;                    ;
; Top-level entity name                                                           ; loop_unrolled_ctr  ; loop_unrolled_ctr  ;
; Family name                                                                     ; Cyclone V          ; Cyclone V          ;
; Use smart compilation                                                           ; Off                ; Off                ;
; Enable parallel Assembler and Timing Analyzer during compilation                ; On                 ; On                 ;
; Enable compact report table                                                     ; Off                ; Off                ;
; Restructure Multiplexers                                                        ; Auto               ; Auto               ;
; MLAB Add Timing Constraints For Mixed-Port Feed-Through Mode Setting Don't Care ; Off                ; Off                ;
; Create Debugging Nodes for IP Cores                                             ; Off                ; Off                ;
; Preserve fewer node names                                                       ; On                 ; On                 ;
; Intel FPGA IP Evaluation Mode                                                   ; Enable             ; Enable             ;
; Verilog Version                                                                 ; Verilog_2001       ; Verilog_2001       ;
; VHDL Version                                                                    ; VHDL_1993          ; VHDL_1993          ;
; State Machine Processing                                                        ; Auto               ; Auto               ;
; Safe State Machine                                                              ; Off                ; Off                ;
; Extract Verilog State Machines                                                  ; On                 ; On                 ;
; Extract VHDL State Machines                                                     ; On                 ; On                 ;
; Ignore Verilog initial constructs                                               ; Off                ; Off                ;
; Iteration limit for constant Verilog loops                                      ; 5000               ; 5000               ;
; Iteration limit for non-constant Verilog loops                                  ; 250                ; 250                ;
; Add Pass-Through Logic to Inferred RAMs                                         ; On                 ; On                 ;
; Infer RAMs from Raw Logic                                                       ; On                 ; On                 ;
; Parallel Synthesis                                                              ; On                 ; On                 ;
; DSP Block Balancing                                                             ; Auto               ; Auto               ;
; NOT Gate Push-Back                                                              ; On                 ; On                 ;
; Power-Up Don't Care                                                             ; On                 ; On                 ;
; Remove Redundant Logic Cells                                                    ; Off                ; Off                ;
; Remove Duplicate Registers                                                      ; On                 ; On                 ;
; Ignore CARRY Buffers                                                            ; Off                ; Off                ;
; Ignore CASCADE Buffers                                                          ; Off                ; Off                ;
; Ignore GLOBAL Buffers                                                           ; Off                ; Off                ;
; Ignore ROW GLOBAL Buffers                                                       ; Off                ; Off                ;
; Ignore LCELL Buffers                                                            ; Off                ; Off                ;
; Ignore SOFT Buffers                                                             ; On                 ; On                 ;
; Limit AHDL Integers to 32 Bits                                                  ; Off                ; Off                ;
; Optimization Technique                                                          ; Balanced           ; Balanced           ;
; Carry Chain Length                                                              ; 70                 ; 70                 ;
; Auto Carry Chains                                                               ; On                 ; On                 ;
; Auto Open-Drain Pins                                                            ; On                 ; On                 ;
; Perform WYSIWYG Primitive Resynthesis                                           ; Off                ; Off                ;
; Auto ROM Replacement                                                            ; On                 ; On                 ;
; Auto RAM Replacement                                                            ; On                 ; On                 ;
; Auto DSP Block Replacement                                                      ; On                 ; On                 ;
; Auto Shift Register Replacement                                                 ; Auto               ; Auto               ;
; Allow Shift Register Merging across Hierarchies                                 ; Auto               ; Auto               ;
; Auto Clock Enable Replacement                                                   ; On                 ; On                 ;
; Strict RAM Replacement                                                          ; Off                ; Off                ;
; Allow Synchronous Control Signals                                               ; On                 ; On                 ;
; Force Use of Synchronous Clear Signals                                          ; Off                ; Off                ;
; Auto Resource Sharing                                                           ; Off                ; Off                ;
; Allow Any RAM Size For Recognition                                              ; Off                ; Off                ;
; Allow Any ROM Size For Recognition                                              ; Off                ; Off                ;
; Allow Any Shift Register Size For Recognition                                   ; Off                ; Off                ;
; Use LogicLock Constraints during Resource Balancing                             ; On                 ; On                 ;
; Ignore translate_off and synthesis_off directives                               ; Off                ; Off                ;
; Timing-Driven Synthesis                                                         ; On                 ; On                 ;
; Report Parameter Settings                                                       ; On                 ; On                 ;
; Report Source Assignments                                                       ; On                 ; On                 ;
; Report Connectivity Checks                                                      ; On                 ; On                 ;
; Ignore Maximum Fan-Out Assignments                                              ; Off                ; Off                ;
; Synchronization Register Chain Length                                           ; 3                  ; 3                  ;
; Power Optimization During Synthesis                                             ; Normal compilation ; Normal compilation ;
; HDL message level                                                               ; Level2             ; Level2             ;
; Suppress Register Optimization Related Messages                                 ; Off                ; Off                ;
; Number of Removed Registers Reported in Synthesis Report                        ; 5000               ; 5000               ;
; Number of Swept Nodes Reported in Synthesis Report                              ; 5000               ; 5000               ;
; Number of Inverted Registers Reported in Synthesis Report                       ; 100                ; 100                ;
; Clock MUX Protection                                                            ; On                 ; On                 ;
; Auto Gated Clock Conversion                                                     ; Off                ; Off                ;
; Block Design Naming                                                             ; Auto               ; Auto               ;
; SDC constraint protection                                                       ; Off                ; Off                ;
; Synthesis Effort                                                                ; Auto               ; Auto               ;
; Shift Register Replacement - Allow Asynchronous Clear Signal                    ; On                 ; On                 ;
; Pre-Mapping Resynthesis Optimization                                            ; Off                ; Off                ;
; Analysis & Synthesis Message Level                                              ; Medium             ; Medium             ;
; Disable Register Merging Across Hierarchies                                     ; Auto               ; Auto               ;
; Resource Aware Inference For Block RAM                                          ; On                 ; On                 ;
; Automatic Parallel Synthesis                                                    ; On                 ; On                 ;
; Partial Reconfiguration Bitstream ID                                            ; Off                ; Off                ;
+---------------------------------------------------------------------------------+--------------------+--------------------+


+------------------------------------------+
; Parallel Compilation                     ;
+----------------------------+-------------+
; Processors                 ; Number      ;
+----------------------------+-------------+
; Number detected on machine ; 4           ;
; Maximum allowed            ; 2           ;
;                            ;             ;
; Average used               ; 1.00        ;
; Maximum used               ; 2           ;
;                            ;             ;
; Usage by Processor         ; % Time Used ;
;     Processor 1            ; 100.0%      ;
;     Processor 2            ;   0.0%      ;
+----------------------------+-------------+


+----------------------------------------------------------------------------------------------------------------+
; Analysis & Synthesis Source Files Read                                                                         ;
+----------------------------------+-----------------+-----------------+-------------------------------+---------+
; File Name with User-Entered Path ; Used in Netlist ; File Type       ; File Name with Absolute Path  ; Library ;
+----------------------------------+-----------------+-----------------+-------------------------------+---------+
; loop_unrolled_ctr.vhd            ; yes             ; User VHDL File  ; C:/FPGA/loop_unrolled_ctr.vhd ;         ;
+----------------------------------+-----------------+-----------------+-------------------------------+---------+


+---------------------------------------------------------+
; Analysis & Synthesis Resource Usage Summary             ;
+---------------------------------------------+-----------+
; Resource                                    ; Usage     ;
+---------------------------------------------+-----------+
; Estimate of Logic utilization (ALMs needed) ; 1360      ;
;                                             ;           ;
; Combinational ALUT usage for logic          ; 1792      ;
;     -- 7 input functions                    ; 11        ;
;     -- 6 input functions                    ; 900       ;
;     -- 5 input functions                    ; 171       ;
;     -- 4 input functions                    ; 399       ;
;     -- <=3 input functions                  ; 311       ;
;                                             ;           ;
; Dedicated logic registers                   ; 428       ;
;                                             ;           ;
; I/O pins                                    ; 258       ;
;                                             ;           ;
; Total DSP Blocks                            ; 0         ;
;                                             ;           ;
; Maximum fan-out node                        ; clk~input ;
; Maximum fan-out                             ; 428       ;
; Total fan-out                               ; 10231     ;
; Average fan-out                             ; 3.74      ;
+---------------------------------------------+-----------+


+--------------------------------------------------------------------------------------------------------------------------------------------------------------------------------------------------------------------------------------------------+
; Analysis & Synthesis Resource Utilization by Entity                                                                                                                                                                                              ;
+--------------------------------------+---------------------+---------------------------+-------------------+------------+------+--------------+---------------------------------------------------------------+-------------------+--------------+
; Compilation Hierarchy Node           ; Combinational ALUTs ; Dedicated Logic Registers ; Block Memory Bits ; DSP Blocks ; Pins ; Virtual Pins ; Full Hierarchy Name                                           ; Entity Name       ; Library Name ;
+--------------------------------------+---------------------+---------------------------+-------------------+------------+------+--------------+---------------------------------------------------------------+-------------------+--------------+
; |loop_unrolled_ctr                   ; 1792 (538)          ; 428 (172)                 ; 0                 ; 0          ; 258  ; 0            ; |loop_unrolled_ctr                                            ; loop_unrolled_ctr ; work         ;
;    |aes_round:r_0|                   ; 926 (285)           ; 0 (0)                     ; 0                 ; 0          ; 0    ; 0            ; |loop_unrolled_ctr|aes_round:r_0                              ; aes_round         ; work         ;
;       |mix_columns:mix|              ; 1 (1)               ; 0 (0)                     ; 0                 ; 0          ; 0    ; 0            ; |loop_unrolled_ctr|aes_round:r_0|mix_columns:mix              ; mix_columns       ; work         ;
;       |sbox_lut:\gen_0:0:sbox_inst|  ; 40 (40)             ; 0 (0)                     ; 0                 ; 0          ; 0    ; 0            ; |loop_unrolled_ctr|aes_round:r_0|sbox_lut:\gen_0:0:sbox_inst  ; sbox_lut          ; work         ;
;       |sbox_lut:\gen_0:10:sbox_inst| ; 40 (40)             ; 0 (0)                     ; 0                 ; 0          ; 0    ; 0            ; |loop_unrolled_ctr|aes_round:r_0|sbox_lut:\gen_0:10:sbox_inst ; sbox_lut          ; work         ;
;       |sbox_lut:\gen_0:11:sbox_inst| ; 40 (40)             ; 0 (0)                     ; 0                 ; 0          ; 0    ; 0            ; |loop_unrolled_ctr|aes_round:r_0|sbox_lut:\gen_0:11:sbox_inst ; sbox_lut          ; work         ;
;       |sbox_lut:\gen_0:12:sbox_inst| ; 40 (40)             ; 0 (0)                     ; 0                 ; 0          ; 0    ; 0            ; |loop_unrolled_ctr|aes_round:r_0|sbox_lut:\gen_0:12:sbox_inst ; sbox_lut          ; work         ;
;       |sbox_lut:\gen_0:13:sbox_inst| ; 40 (40)             ; 0 (0)                     ; 0                 ; 0          ; 0    ; 0            ; |loop_unrolled_ctr|aes_round:r_0|sbox_lut:\gen_0:13:sbox_inst ; sbox_lut          ; work         ;
;       |sbox_lut:\gen_0:14:sbox_inst| ; 40 (40)             ; 0 (0)                     ; 0                 ; 0          ; 0    ; 0            ; |loop_unrolled_ctr|aes_round:r_0|sbox_lut:\gen_0:14:sbox_inst ; sbox_lut          ; work         ;
;       |sbox_lut:\gen_0:15:sbox_inst| ; 40 (40)             ; 0 (0)                     ; 0                 ; 0          ; 0    ; 0            ; |loop_unrolled_ctr|aes_round:r_0|sbox_lut:\gen_0:15:sbox_inst ; sbox_lut          ; work         ;
;       |sbox_lut:\gen_0:1:sbox_inst|  ; 40 (40)             ; 0 (0)                     ; 0                 ; 0          ; 0    ; 0            ; |loop_unrolled_ctr|aes_round:r_0|sbox_lut:\gen_0:1:sbox_inst  ; sbox_lut          ; work         ;
;       |sbox_lut:\gen_0:2:sbox_inst|  ; 40 (40)             ; 0 (0)                     ; 0                 ; 0          ; 0    ; 0            ; |loop_unrolled_ctr|aes_round:r_0|sbox_lut:\gen_0:2:sbox_inst  ; sbox_lut          ; work         ;
;       |sbox_lut:\gen_0:3:sbox_inst|  ; 40 (40)             ; 0 (0)                     ; 0                 ; 0          ; 0    ; 0            ; |loop_unrolled_ctr|aes_round:r_0|sbox_lut:\gen_0:3:sbox_inst  ; sbox_lut          ; work         ;
;       |sbox_lut:\gen_0:4:sbox_inst|  ; 40 (40)             ; 0 (0)                     ; 0                 ; 0          ; 0    ; 0            ; |loop_unrolled_ctr|aes_round:r_0|sbox_lut:\gen_0:4:sbox_inst  ; sbox_lut          ; work         ;
;       |sbox_lut:\gen_0:5:sbox_inst|  ; 40 (40)             ; 0 (0)                     ; 0                 ; 0          ; 0    ; 0            ; |loop_unrolled_ctr|aes_round:r_0|sbox_lut:\gen_0:5:sbox_inst  ; sbox_lut          ; work         ;
;       |sbox_lut:\gen_0:6:sbox_inst|  ; 40 (40)             ; 0 (0)                     ; 0                 ; 0          ; 0    ; 0            ; |loop_unrolled_ctr|aes_round:r_0|sbox_lut:\gen_0:6:sbox_inst  ; sbox_lut          ; work         ;
;       |sbox_lut:\gen_0:7:sbox_inst|  ; 40 (40)             ; 0 (0)                     ; 0                 ; 0          ; 0    ; 0            ; |loop_unrolled_ctr|aes_round:r_0|sbox_lut:\gen_0:7:sbox_inst  ; sbox_lut          ; work         ;
;       |sbox_lut:\gen_0:8:sbox_inst|  ; 40 (40)             ; 0 (0)                     ; 0                 ; 0          ; 0    ; 0            ; |loop_unrolled_ctr|aes_round:r_0|sbox_lut:\gen_0:8:sbox_inst  ; sbox_lut          ; work         ;
;       |sbox_lut:\gen_0:9:sbox_inst|  ; 40 (40)             ; 0 (0)                     ; 0                 ; 0          ; 0    ; 0            ; |loop_unrolled_ctr|aes_round:r_0|sbox_lut:\gen_0:9:sbox_inst  ; sbox_lut          ; work         ;
;    |datapath_reg:reg_0|              ; 0 (0)               ; 128 (128)                 ; 0                 ; 0          ; 0    ; 0            ; |loop_unrolled_ctr|datapath_reg:reg_0                         ; datapath_reg      ; work         ;
;    |datapath_reg:reg_1|              ; 0 (0)               ; 128 (128)                 ; 0                 ; 0          ; 0    ; 0            ; |loop_unrolled_ctr|datapath_reg:reg_1                         ; datapath_reg      ; work         ;
;    |key_sch:sch_0|                   ; 328 (168)           ; 0 (0)                     ; 0                 ; 0          ; 0    ; 0            ; |loop_unrolled_ctr|key_sch:sch_0                              ; key_sch           ; work         ;
;       |sbox_lut:\gen_00:0:s|         ; 40 (40)             ; 0 (0)                     ; 0                 ; 0          ; 0    ; 0            ; |loop_unrolled_ctr|key_sch:sch_0|sbox_lut:\gen_00:0:s         ; sbox_lut          ; work         ;
;       |sbox_lut:\gen_00:1:s|         ; 40 (40)             ; 0 (0)                     ; 0                 ; 0          ; 0    ; 0            ; |loop_unrolled_ctr|key_sch:sch_0|sbox_lut:\gen_00:1:s         ; sbox_lut          ; work         ;
;       |sbox_lut:\gen_00:2:s|         ; 40 (40)             ; 0 (0)                     ; 0                 ; 0          ; 0    ; 0            ; |loop_unrolled_ctr|key_sch:sch_0|sbox_lut:\gen_00:2:s         ; sbox_lut          ; work         ;
;       |sbox_lut:\gen_00:3:s|         ; 40 (40)             ; 0 (0)                     ; 0                 ; 0          ; 0    ; 0            ; |loop_unrolled_ctr|key_sch:sch_0|sbox_lut:\gen_00:3:s         ; sbox_lut          ; work         ;
+--------------------------------------+---------------------+---------------------------+-------------------+------------+------+--------------+---------------------------------------------------------------+-------------------+--------------+
Note: For table entries with two numbers listed, the numbers in parentheses indicate the number of resources of the given type used by the specific entity alone. The numbers listed outside of parentheses indicate the total resources of the given type used by the specific entity and all of its sub-entities in the hierarchy.


Encoding Type:  One-Hot
+----------------------------------------------------------------------------------------------------------------------------------------------------------------------------------------------------------------------------------------------+
; State Machine - |loop_unrolled_ctr|pr_state                                                                                                                                                                                                  ;
+--------------------+--------------------+------------------+-----------------+-----------------+-----------------+-----------------+-----------------+-----------------+-----------------+-----------------+-----------------+---------------+
; Name               ; pr_state.increment ; pr_state.round10 ; pr_state.round9 ; pr_state.round8 ; pr_state.round7 ; pr_state.round6 ; pr_state.round5 ; pr_state.round4 ; pr_state.round3 ; pr_state.round2 ; pr_state.round1 ; pr_state.init ;
+--------------------+--------------------+------------------+-----------------+-----------------+-----------------+-----------------+-----------------+-----------------+-----------------+-----------------+-----------------+---------------+
; pr_state.init      ; 0                  ; 0                ; 0               ; 0               ; 0               ; 0               ; 0               ; 0               ; 0               ; 0               ; 0               ; 0             ;
; pr_state.round1    ; 0                  ; 0                ; 0               ; 0               ; 0               ; 0               ; 0               ; 0               ; 0               ; 0               ; 1               ; 1             ;
; pr_state.round2    ; 0                  ; 0                ; 0               ; 0               ; 0               ; 0               ; 0               ; 0               ; 0               ; 1               ; 0               ; 1             ;
; pr_state.round3    ; 0                  ; 0                ; 0               ; 0               ; 0               ; 0               ; 0               ; 0               ; 1               ; 0               ; 0               ; 1             ;
; pr_state.round4    ; 0                  ; 0                ; 0               ; 0               ; 0               ; 0               ; 0               ; 1               ; 0               ; 0               ; 0               ; 1             ;
; pr_state.round5    ; 0                  ; 0                ; 0               ; 0               ; 0               ; 0               ; 1               ; 0               ; 0               ; 0               ; 0               ; 1             ;
; pr_state.round6    ; 0                  ; 0                ; 0               ; 0               ; 0               ; 1               ; 0               ; 0               ; 0               ; 0               ; 0               ; 1             ;
; pr_state.round7    ; 0                  ; 0                ; 0               ; 0               ; 1               ; 0               ; 0               ; 0               ; 0               ; 0               ; 0               ; 1             ;
; pr_state.round8    ; 0                  ; 0                ; 0               ; 1               ; 0               ; 0               ; 0               ; 0               ; 0               ; 0               ; 0               ; 1             ;
; pr_state.round9    ; 0                  ; 0                ; 1               ; 0               ; 0               ; 0               ; 0               ; 0               ; 0               ; 0               ; 0               ; 1             ;
; pr_state.round10   ; 0                  ; 1                ; 0               ; 0               ; 0               ; 0               ; 0               ; 0               ; 0               ; 0               ; 0               ; 1             ;
; pr_state.increment ; 1                  ; 0                ; 0               ; 0               ; 0               ; 0               ; 0               ; 0               ; 0               ; 0               ; 0               ; 1             ;
+--------------------+--------------------+------------------+-----------------+-----------------+-----------------+-----------------+-----------------+-----------------+-----------------+-----------------+-----------------+---------------+


+------------------------------------------------------+
; General Register Statistics                          ;
+----------------------------------------------+-------+
; Statistic                                    ; Value ;
+----------------------------------------------+-------+
; Total registers                              ; 428   ;
; Number of registers using Synchronous Clear  ; 32    ;
; Number of registers using Synchronous Load   ; 96    ;
; Number of registers using Asynchronous Clear ; 0     ;
; Number of registers using Asynchronous Load  ; 0     ;
; Number of registers using Clock Enable       ; 160   ;
; Number of registers using Preset             ; 0     ;
+----------------------------------------------+-------+


+--------------------------------------------------------------------------------------------------------------------------------------------------------------+
; Multiplexer Restructuring Statistics (Restructuring Performed)                                                                                               ;
+--------------------+-----------+---------------+----------------------+------------------------+------------+------------------------------------------------+
; Multiplexer Inputs ; Bus Width ; Baseline Area ; Area if Restructured ; Saving if Restructured ; Registered ; Example Multiplexer Output                     ;
+--------------------+-----------+---------------+----------------------+------------------------+------------+------------------------------------------------+
; 3:1                ; 128 bits  ; 256 LEs       ; 256 LEs              ; 0 LEs                  ; Yes        ; |loop_unrolled_ctr|datapath_reg:reg_1|dout[93] ;
+--------------------+-----------+---------------+----------------------+------------------------+------------+------------------------------------------------+


+------------------------------------------------------+
; Port Connectivity Checks: "key_sch:sch_0"            ;
+--------------------+-------+----------+--------------+
; Port               ; Type  ; Severity ; Details      ;
+--------------------+-------+----------+--------------+
; round_const[8..31] ; Input ; Info     ; Stuck at GND ;
+--------------------+-------+----------+--------------+


+-----------------------------------------------------+
; Post-Synthesis Netlist Statistics for Top Partition ;
+-----------------------+-----------------------------+
; Type                  ; Count                       ;
+-----------------------+-----------------------------+
; arriav_ff             ; 428                         ;
;     ENA               ; 128                         ;
;     ENA SCLR          ; 32                          ;
;     SLD               ; 96                          ;
;     plain             ; 172                         ;
; arriav_io_obuf        ; 128                         ;
; arriav_lcell_comb     ; 1792                        ;
;     arith             ; 32                          ;
;         1 data inputs ; 32                          ;
;     extend            ; 11                          ;
;         7 data inputs ; 11                          ;
;     normal            ; 1749                        ;
;         1 data inputs ; 98                          ;
;         2 data inputs ; 155                         ;
;         3 data inputs ; 26                          ;
;         4 data inputs ; 399                         ;
;         5 data inputs ; 171                         ;
;         6 data inputs ; 900                         ;
; boundary_port         ; 258                         ;
;                       ;                             ;
; Max LUT depth         ; 6.00                        ;
; Average LUT depth     ; 4.15                        ;
+-----------------------+-----------------------------+


+-------------------------------+
; Elapsed Time Per Partition    ;
+----------------+--------------+
; Partition Name ; Elapsed Time ;
+----------------+--------------+
; Top            ; 00:00:04     ;
+----------------+--------------+


+-------------------------------+
; Analysis & Synthesis Messages ;
+-------------------------------+
Info: *******************************************************************
Info: Running Quartus Prime Analysis & Synthesis
    Info: Version 20.1.1 Build 720 11/11/2020 SJ Lite Edition
    Info: Processing started: Sun Jan 01 21:42:25 2023
Info: Command: quartus_map --read_settings_files=on --write_settings_files=off loop_unrolled_ctr -c loop_unrolled_ctr
Warning (18236): Number of processors has not been specified which may cause overloading on shared machines.  Set the global assignment NUM_PARALLEL_PROCESSORS in your QSF to an appropriate value for best performance.
Info (20030): Parallel compilation is enabled and will use 2 of the 2 processors detected
Info (12021): Found 14 design units, including 7 entities, in source file loop_unrolled_ctr.vhd
    Info (12022): Found design unit 1: sbox_lut-arc File: C:/FPGA/loop_unrolled_ctr.vhd Line: 11
    Info (12022): Found design unit 2: mix_columns-arc File: C:/FPGA/loop_unrolled_ctr.vhd Line: 288
    Info (12022): Found design unit 3: aes_round-beh File: C:/FPGA/loop_unrolled_ctr.vhd Line: 356
    Info (12022): Found design unit 4: key_sch-arc File: C:/FPGA/loop_unrolled_ctr.vhd Line: 413
    Info (12022): Found design unit 5: datapath_reg-arc File: C:/FPGA/loop_unrolled_ctr.vhd Line: 451
    Info (12022): Found design unit 6: dataout_reg-arc File: C:/FPGA/loop_unrolled_ctr.vhd Line: 476
    Info (12022): Found design unit 7: loop_unrolled_ctr-arc File: C:/FPGA/loop_unrolled_ctr.vhd Line: 502
    Info (12023): Found entity 1: sbox_lut File: C:/FPGA/loop_unrolled_ctr.vhd Line: 5
    Info (12023): Found entity 2: mix_columns File: C:/FPGA/loop_unrolled_ctr.vhd Line: 281
    Info (12023): Found entity 3: aes_round File: C:/FPGA/loop_unrolled_ctr.vhd Line: 348
    Info (12023): Found entity 4: key_sch File: C:/FPGA/loop_unrolled_ctr.vhd Line: 404
    Info (12023): Found entity 5: datapath_reg File: C:/FPGA/loop_unrolled_ctr.vhd Line: 444
    Info (12023): Found entity 6: dataout_reg File: C:/FPGA/loop_unrolled_ctr.vhd Line: 468
    Info (12023): Found entity 7: loop_unrolled_ctr File: C:/FPGA/loop_unrolled_ctr.vhd Line: 495
Info (12127): Elaborating entity "loop_unrolled_ctr" for the top level hierarchy
Info (12128): Elaborating entity "key_sch" for hierarchy "key_sch:sch_0" File: C:/FPGA/loop_unrolled_ctr.vhd Line: 672
Info (12128): Elaborating entity "sbox_lut" for hierarchy "key_sch:sch_0|sbox_lut:\gen_00:0:s" File: C:/FPGA/loop_unrolled_ctr.vhd Line: 426
Info (12128): Elaborating entity "datapath_reg" for hierarchy "datapath_reg:reg_0" File: C:/FPGA/loop_unrolled_ctr.vhd Line: 673
Info (12128): Elaborating entity "aes_round" for hierarchy "aes_round:r_0" File: C:/FPGA/loop_unrolled_ctr.vhd Line: 676
Info (12128): Elaborating entity "mix_columns" for hierarchy "aes_round:r_0|mix_columns:mix" File: C:/FPGA/loop_unrolled_ctr.vhd Line: 376
Info (286030): Timing-Driven Synthesis is running
Info (16010): Generating hard_block partition "hard_block:auto_generated_inst"
    Info (16011): Adding 0 node(s), including 0 DDIO, 0 PLL, 0 transceiver and 0 LCELL
Info (21057): Implemented 2316 device resources after synthesis - the final resource count might be different
    Info (21058): Implemented 130 input pins
    Info (21059): Implemented 128 output pins
    Info (21061): Implemented 2058 logic cells
Info: Quartus Prime Analysis & Synthesis was successful. 0 errors, 1 warning
    Info: Peak virtual memory: 4866 megabytes
    Info: Processing ended: Sun Jan 01 21:42:46 2023
    Info: Elapsed time: 00:00:21
    Info: Total CPU time (on all processors): 00:00:39


