Analysis & Synthesis report for loop_unrolled_ctr
Sun Jan 01 22:03:06 2023
Quartus II Version 9.0 Build 132 02/25/2009 SJ Full Version


---------------------
; Table of Contents ;
---------------------
  1. Legal Notice
  2. Analysis & Synthesis Summary
  3. Analysis & Synthesis Settings
  4. Analysis & Synthesis Source Files Read
  5. Analysis & Synthesis Resource Usage Summary
  6. Analysis & Synthesis Resource Utilization by Entity
  7. State Machine - |loop_unrolled_ctr|pr_state
  8. General Register Statistics
  9. Multiplexer Restructuring Statistics (Restructuring Performed)
 10. Port Connectivity Checks: "key_sch:sch_0"
 11. Analysis & Synthesis Messages



----------------
; Legal Notice ;
----------------
Copyright (C) 1991-2009 Altera Corporation
Your use of Altera Corporation's design tools, logic functions 
and other software and tools, and its AMPP partner logic 
functions, and any output files from any of the foregoing 
(including device programming or simulation files), and any 
associated documentation or information are expressly subject 
to the terms and conditions of the Altera Program License 
Subscription Agreement, Altera MegaCore Function License 
Agreement, or other applicable license agreement, including, 
without limitation, that your use is for the sole purpose of 
programming logic devices manufactured by Altera and sold by 
Altera or its authorized distributors.  Please refer to the 
applicable agreement for further details.



+-------------------------------------------------------------------------------+
; Analysis & Synthesis Summary                                                  ;
+------------------------------------+------------------------------------------+
; Analysis & Synthesis Status        ; Successful - Sun Jan 01 22:03:06 2023    ;
; Quartus II Version                 ; 9.0 Build 132 02/25/2009 SJ Full Version ;
; Revision Name                      ; loop_unrolled_ctr                        ;
; Top-level Entity Name              ; loop_unrolled_ctr                        ;
; Family                             ; Cyclone II                               ;
; Total logic elements               ; 5,404                                    ;
;     Total combinational functions  ; 5,266                                    ;
;     Dedicated logic registers      ; 428                                      ;
; Total registers                    ; 428                                      ;
; Total pins                         ; 258                                      ;
; Total virtual pins                 ; 0                                        ;
; Total memory bits                  ; 0                                        ;
; Embedded Multiplier 9-bit elements ; 0                                        ;
; Total PLLs                         ; 0                                        ;
+------------------------------------+------------------------------------------+


+----------------------------------------------------------------------------------------------------------+
; Analysis & Synthesis Settings                                                                            ;
+----------------------------------------------------------------+--------------------+--------------------+
; Option                                                         ; Setting            ; Default Value      ;
+----------------------------------------------------------------+--------------------+--------------------+
; Device                                                         ; EP2C35F672C6       ;                    ;
; Top-level entity name                                          ; loop_unrolled_ctr  ; loop_unrolled_ctr  ;
; Family name                                                    ; Cyclone II         ; Stratix II         ;
; Use Generated Physical Constraints File                        ; Off                ;                    ;
; Use smart compilation                                          ; Off                ; Off                ;
; Restructure Multiplexers                                       ; Auto               ; Auto               ;
; Create Debugging Nodes for IP Cores                            ; Off                ; Off                ;
; Preserve fewer node names                                      ; On                 ; On                 ;
; Disable OpenCore Plus hardware evaluation                      ; Off                ; Off                ;
; Verilog Version                                                ; Verilog_2001       ; Verilog_2001       ;
; VHDL Version                                                   ; VHDL93             ; VHDL93             ;
; State Machine Processing                                       ; Auto               ; Auto               ;
; Safe State Machine                                             ; Off                ; Off                ;
; Extract Verilog State Machines                                 ; On                 ; On                 ;
; Extract VHDL State Machines                                    ; On                 ; On                 ;
; Ignore Verilog initial constructs                              ; Off                ; Off                ;
; Iteration limit for constant Verilog loops                     ; 5000               ; 5000               ;
; Iteration limit for non-constant Verilog loops                 ; 250                ; 250                ;
; Add Pass-Through Logic to Inferred RAMs                        ; On                 ; On                 ;
; Parallel Synthesis                                             ; Off                ; Off                ;
; DSP Block Balancing                                            ; Auto               ; Auto               ;
; NOT Gate Push-Back                                             ; On                 ; On                 ;
; Power-Up Don't Care                                            ; On                 ; On                 ;
; Remove Redundant Logic Cells                                   ; Off                ; Off                ;
; Remove Duplicate Registers                                     ; On                 ; On                 ;
; Ignore CARRY Buffers                                           ; Off                ; Off                ;
; Ignore CASCADE Buffers                                         ; Off                ; Off                ;
; Ignore GLOBAL Buffers                                          ; Off                ; Off                ;
; Ignore ROW GLOBAL Buffers                                      ; Off                ; Off                ;
; Ignore LCELL Buffers                                           ; Off                ; Off                ;
; Ignore SOFT Buffers                                            ; On                 ; On                 ;
; Limit AHDL Integers to 32 Bits                                 ; Off                ; Off                ;
; Optimization Technique                                         ; Balanced           ; Balanced           ;
; Carry Chain Length                                             ; 70                 ; 70                 ;
; Auto Carry Chains                                              ; On                 ; On                 ;
; Auto Open-Drain Pins                                           ; On                 ; On                 ;
; Perform WYSIWYG Primitive Resynthesis                          ; Off                ; Off                ;
; Auto ROM Replacement                                           ; On                 ; On                 ;
; Auto RAM Replacement                                           ; On                 ; On                 ;
; Auto Shift Register Replacement                                ; Auto               ; Auto               ;
; Auto Clock Enable Replacement                                  ; On                 ; On                 ;
; Strict RAM Replacement                                         ; Off                ; Off                ;
; Allow Synchronous Control Signals                              ; On                 ; On                 ;
; Force Use of Synchronous Clear Signals                         ; Off                ; Off                ;
; Auto RAM to Logic Cell Conversion                              ; Off                ; Off                ;
; Auto Resource Sharing                                          ; Off                ; Off                ;
; Allow Any RAM Size For Recognition                             ; Off                ; Off                ;
; Allow Any ROM Size For Recognition                             ; Off                ; Off                ;
; Allow Any Shift Register Size For Recognition                  ; Off                ; Off                ;
; Use LogicLock Constraints during Resource Balancing            ; On                 ; On                 ;
; Ignore translate_off and synthesis_off directives              ; Off                ; Off                ;
; Timing-Driven Synthesis                                        ; Off                ; Off                ;
; Show Parameter Settings Tables in Synthesis Report             ; On                 ; On                 ;
; Ignore Maximum Fan-Out Assignments                             ; Off                ; Off                ;
; Synchronization Register Chain Length                          ; 2                  ; 2                  ;
; PowerPlay Power Optimization                                   ; Normal compilation ; Normal compilation ;
; HDL message level                                              ; Level2             ; Level2             ;
; Suppress Register Optimization Related Messages                ; Off                ; Off                ;
; Number of Removed Registers Reported in Synthesis Report       ; 100                ; 100                ;
; Number of Inverted Registers Reported in Synthesis Report      ; 100                ; 100                ;
; Clock MUX Protection                                           ; On                 ; On                 ;
; Auto Gated Clock Conversion                                    ; Off                ; Off                ;
; Block Design Naming                                            ; Auto               ; Auto               ;
; SDC constraint protection                                      ; Off                ; Off                ;
; Synthesis Effort                                               ; Auto               ; Auto               ;
; Allows Asynchronous Clear Usage For Shift Register Replacement ; On                 ; On                 ;
; Analysis & Synthesis Message Level                             ; Medium             ; Medium             ;
+----------------------------------------------------------------+--------------------+--------------------+


+-----------------------------------------------------------------------------------------------------------------------------+
; Analysis & Synthesis Source Files Read                                                                                      ;
+----------------------------------+-----------------+-----------------+------------------------------------------------------+
; File Name with User-Entered Path ; Used in Netlist ; File Type       ; File Name with Absolute Path                         ;
+----------------------------------+-----------------+-----------------+------------------------------------------------------+
; loop_unrolled_ctr.vhd            ; yes             ; User VHDL File  ; C:/altera/91sp2/quartus/backup/loop_unrolled_ctr.vhd ;
+----------------------------------+-----------------+-----------------+------------------------------------------------------+


+-----------------------------------------------------+
; Analysis & Synthesis Resource Usage Summary         ;
+---------------------------------------------+-------+
; Resource                                    ; Usage ;
+---------------------------------------------+-------+
; Estimated Total logic elements              ; 5,404 ;
;                                             ;       ;
; Total combinational functions               ; 5266  ;
; Logic element usage by number of LUT inputs ;       ;
;     -- 4 input functions                    ; 4648  ;
;     -- 3 input functions                    ; 247   ;
;     -- <=2 input functions                  ; 371   ;
;                                             ;       ;
; Logic elements by mode                      ;       ;
;     -- normal mode                          ; 5235  ;
;     -- arithmetic mode                      ; 31    ;
;                                             ;       ;
; Total registers                             ; 428   ;
;     -- Dedicated logic registers            ; 428   ;
;     -- I/O registers                        ; 0     ;
;                                             ;       ;
; I/O pins                                    ; 258   ;
; Maximum fan-out node                        ; clk   ;
; Maximum fan-out                             ; 428   ;
; Total fan-out                               ; 21504 ;
; Average fan-out                             ; 3.61  ;
+---------------------------------------------+-------+


+---------------------------------------------------------------------------------------------------------------------------------------------------------------------------------------------------------------------------------+
; Analysis & Synthesis Resource Utilization by Entity                                                                                                                                                                             ;
+--------------------------------------+-------------------+--------------+-------------+--------------+---------+-----------+------+--------------+---------------------------------------------------------------+--------------+
; Compilation Hierarchy Node           ; LC Combinationals ; LC Registers ; Memory Bits ; DSP Elements ; DSP 9x9 ; DSP 18x18 ; Pins ; Virtual Pins ; Full Hierarchy Name                                           ; Library Name ;
+--------------------------------------+-------------------+--------------+-------------+--------------+---------+-----------+------+--------------+---------------------------------------------------------------+--------------+
; |loop_unrolled_ctr                   ; 5266 (462)        ; 428 (172)    ; 0           ; 0            ; 0       ; 0         ; 258  ; 0            ; |loop_unrolled_ctr                                            ; work         ;
;    |aes_round:r_0|                   ; 3684 (348)        ; 0 (0)        ; 0           ; 0            ; 0       ; 0         ; 0    ; 0            ; |loop_unrolled_ctr|aes_round:r_0                              ; work         ;
;       |mix_columns:mix|              ; 8 (8)             ; 0 (0)        ; 0           ; 0            ; 0       ; 0         ; 0    ; 0            ; |loop_unrolled_ctr|aes_round:r_0|mix_columns:mix              ; work         ;
;       |sbox_lut:\gen_0:0:sbox_inst|  ; 208 (208)         ; 0 (0)        ; 0           ; 0            ; 0       ; 0         ; 0    ; 0            ; |loop_unrolled_ctr|aes_round:r_0|sbox_lut:\gen_0:0:sbox_inst  ; work         ;
;       |sbox_lut:\gen_0:10:sbox_inst| ; 208 (208)         ; 0 (0)        ; 0           ; 0            ; 0       ; 0         ; 0    ; 0            ; |loop_unrolled_ctr|aes_round:r_0|sbox_lut:\gen_0:10:sbox_inst ; work         ;
;       |sbox_lut:\gen_0:11:sbox_inst| ; 208 (208)         ; 0 (0)        ; 0           ; 0            ; 0       ; 0         ; 0    ; 0            ; |loop_unrolled_ctr|aes_round:r_0|sbox_lut:\gen_0:11:sbox_inst ; work         ;
;       |sbox_lut:\gen_0:12:sbox_inst| ; 208 (208)         ; 0 (0)        ; 0           ; 0            ; 0       ; 0         ; 0    ; 0            ; |loop_unrolled_ctr|aes_round:r_0|sbox_lut:\gen_0:12:sbox_inst ; work         ;
;       |sbox_lut:\gen_0:13:sbox_inst| ; 208 (208)         ; 0 (0)        ; 0           ; 0            ; 0       ; 0         ; 0    ; 0            ; |loop_unrolled_ctr|aes_round:r_0|sbox_lut:\gen_0:13:sbox_inst ; work         ;
;       |sbox_lut:\gen_0:14:sbox_inst| ; 208 (208)         ; 0 (0)        ; 0           ; 0            ; 0       ; 0         ; 0    ; 0            ; |loop_unrolled_ctr|aes_round:r_0|sbox_lut:\gen_0:14:sbox_inst ; work         ;
;       |sbox_lut:\gen_0:15:sbox_inst| ; 208 (208)         ; 0 (0)        ; 0           ; 0            ; 0       ; 0         ; 0    ; 0            ; |loop_unrolled_ctr|aes_round:r_0|sbox_lut:\gen_0:15:sbox_inst ; work         ;
;       |sbox_lut:\gen_0:1:sbox_inst|  ; 208 (208)         ; 0 (0)        ; 0           ; 0            ; 0       ; 0         ; 0    ; 0            ; |loop_unrolled_ctr|aes_round:r_0|sbox_lut:\gen_0:1:sbox_inst  ; work         ;
;       |sbox_lut:\gen_0:2:sbox_inst|  ; 208 (208)         ; 0 (0)        ; 0           ; 0            ; 0       ; 0         ; 0    ; 0            ; |loop_unrolled_ctr|aes_round:r_0|sbox_lut:\gen_0:2:sbox_inst  ; work         ;
;       |sbox_lut:\gen_0:3:sbox_inst|  ; 208 (208)         ; 0 (0)        ; 0           ; 0            ; 0       ; 0         ; 0    ; 0            ; |loop_unrolled_ctr|aes_round:r_0|sbox_lut:\gen_0:3:sbox_inst  ; work         ;
;       |sbox_lut:\gen_0:4:sbox_inst|  ; 208 (208)         ; 0 (0)        ; 0           ; 0            ; 0       ; 0         ; 0    ; 0            ; |loop_unrolled_ctr|aes_round:r_0|sbox_lut:\gen_0:4:sbox_inst  ; work         ;
;       |sbox_lut:\gen_0:5:sbox_inst|  ; 208 (208)         ; 0 (0)        ; 0           ; 0            ; 0       ; 0         ; 0    ; 0            ; |loop_unrolled_ctr|aes_round:r_0|sbox_lut:\gen_0:5:sbox_inst  ; work         ;
;       |sbox_lut:\gen_0:6:sbox_inst|  ; 208 (208)         ; 0 (0)        ; 0           ; 0            ; 0       ; 0         ; 0    ; 0            ; |loop_unrolled_ctr|aes_round:r_0|sbox_lut:\gen_0:6:sbox_inst  ; work         ;
;       |sbox_lut:\gen_0:7:sbox_inst|  ; 208 (208)         ; 0 (0)        ; 0           ; 0            ; 0       ; 0         ; 0    ; 0            ; |loop_unrolled_ctr|aes_round:r_0|sbox_lut:\gen_0:7:sbox_inst  ; work         ;
;       |sbox_lut:\gen_0:8:sbox_inst|  ; 208 (208)         ; 0 (0)        ; 0           ; 0            ; 0       ; 0         ; 0    ; 0            ; |loop_unrolled_ctr|aes_round:r_0|sbox_lut:\gen_0:8:sbox_inst  ; work         ;
;       |sbox_lut:\gen_0:9:sbox_inst|  ; 208 (208)         ; 0 (0)        ; 0           ; 0            ; 0       ; 0         ; 0    ; 0            ; |loop_unrolled_ctr|aes_round:r_0|sbox_lut:\gen_0:9:sbox_inst  ; work         ;
;    |datapath_reg:reg_0|              ; 0 (0)             ; 128 (128)    ; 0           ; 0            ; 0       ; 0         ; 0    ; 0            ; |loop_unrolled_ctr|datapath_reg:reg_0                         ; work         ;
;    |datapath_reg:reg_1|              ; 32 (32)           ; 128 (128)    ; 0           ; 0            ; 0       ; 0         ; 0    ; 0            ; |loop_unrolled_ctr|datapath_reg:reg_1                         ; work         ;
;    |key_sch:sch_0|                   ; 1088 (256)        ; 0 (0)        ; 0           ; 0            ; 0       ; 0         ; 0    ; 0            ; |loop_unrolled_ctr|key_sch:sch_0                              ; work         ;
;       |sbox_lut:\gen_00:0:s|         ; 208 (208)         ; 0 (0)        ; 0           ; 0            ; 0       ; 0         ; 0    ; 0            ; |loop_unrolled_ctr|key_sch:sch_0|sbox_lut:\gen_00:0:s         ; work         ;
;       |sbox_lut:\gen_00:1:s|         ; 208 (208)         ; 0 (0)        ; 0           ; 0            ; 0       ; 0         ; 0    ; 0            ; |loop_unrolled_ctr|key_sch:sch_0|sbox_lut:\gen_00:1:s         ; work         ;
;       |sbox_lut:\gen_00:2:s|         ; 208 (208)         ; 0 (0)        ; 0           ; 0            ; 0       ; 0         ; 0    ; 0            ; |loop_unrolled_ctr|key_sch:sch_0|sbox_lut:\gen_00:2:s         ; work         ;
;       |sbox_lut:\gen_00:3:s|         ; 208 (208)         ; 0 (0)        ; 0           ; 0            ; 0       ; 0         ; 0    ; 0            ; |loop_unrolled_ctr|key_sch:sch_0|sbox_lut:\gen_00:3:s         ; work         ;
+--------------------------------------+-------------------+--------------+-------------+--------------+---------+-----------+------+--------------+---------------------------------------------------------------+--------------+
Note: For table entries with two numbers listed, the numbers in parentheses indicate the number of resources of the given type used by the specific entity alone. The numbers listed outside of parentheses indicate the total resources of the given type used by the specific entity and all of its sub-entities in the hierarchy.


Encoding Type:  One-Hot
+----------------------------------------------------------------------------------------------------------------------------------------------------------------------------------------------------------------------------------------------+
; State Machine - |loop_unrolled_ctr|pr_state                                                                                                                                                                                                  ;
+--------------------+--------------------+------------------+-----------------+-----------------+-----------------+-----------------+-----------------+-----------------+-----------------+-----------------+-----------------+---------------+
; Name               ; pr_state.increment ; pr_state.round10 ; pr_state.round9 ; pr_state.round8 ; pr_state.round7 ; pr_state.round6 ; pr_state.round5 ; pr_state.round4 ; pr_state.round3 ; pr_state.round2 ; pr_state.round1 ; pr_state.init ;
+--------------------+--------------------+------------------+-----------------+-----------------+-----------------+-----------------+-----------------+-----------------+-----------------+-----------------+-----------------+---------------+
; pr_state.init      ; 0                  ; 0                ; 0               ; 0               ; 0               ; 0               ; 0               ; 0               ; 0               ; 0               ; 0               ; 0             ;
; pr_state.round1    ; 0                  ; 0                ; 0               ; 0               ; 0               ; 0               ; 0               ; 0               ; 0               ; 0               ; 1               ; 1             ;
; pr_state.round2    ; 0                  ; 0                ; 0               ; 0               ; 0               ; 0               ; 0               ; 0               ; 0               ; 1               ; 0               ; 1             ;
; pr_state.round3    ; 0                  ; 0                ; 0               ; 0               ; 0               ; 0               ; 0               ; 0               ; 1               ; 0               ; 0               ; 1             ;
; pr_state.round4    ; 0                  ; 0                ; 0               ; 0               ; 0               ; 0               ; 0               ; 1               ; 0               ; 0               ; 0               ; 1             ;
; pr_state.round5    ; 0                  ; 0                ; 0               ; 0               ; 0               ; 0               ; 1               ; 0               ; 0               ; 0               ; 0               ; 1             ;
; pr_state.round6    ; 0                  ; 0                ; 0               ; 0               ; 0               ; 1               ; 0               ; 0               ; 0               ; 0               ; 0               ; 1             ;
; pr_state.round7    ; 0                  ; 0                ; 0               ; 0               ; 1               ; 0               ; 0               ; 0               ; 0               ; 0               ; 0               ; 1             ;
; pr_state.round8    ; 0                  ; 0                ; 0               ; 1               ; 0               ; 0               ; 0               ; 0               ; 0               ; 0               ; 0               ; 1             ;
; pr_state.round9    ; 0                  ; 0                ; 1               ; 0               ; 0               ; 0               ; 0               ; 0               ; 0               ; 0               ; 0               ; 1             ;
; pr_state.round10   ; 0                  ; 1                ; 0               ; 0               ; 0               ; 0               ; 0               ; 0               ; 0               ; 0               ; 0               ; 1             ;
; pr_state.increment ; 1                  ; 0                ; 0               ; 0               ; 0               ; 0               ; 0               ; 0               ; 0               ; 0               ; 0               ; 1             ;
+--------------------+--------------------+------------------+-----------------+-----------------+-----------------+-----------------+-----------------+-----------------+-----------------+-----------------+-----------------+---------------+


+------------------------------------------------------+
; General Register Statistics                          ;
+----------------------------------------------+-------+
; Statistic                                    ; Value ;
+----------------------------------------------+-------+
; Total registers                              ; 428   ;
; Number of registers using Synchronous Clear  ; 0     ;
; Number of registers using Synchronous Load   ; 128   ;
; Number of registers using Asynchronous Clear ; 0     ;
; Number of registers using Asynchronous Load  ; 0     ;
; Number of registers using Clock Enable       ; 160   ;
; Number of registers using Preset             ; 0     ;
+----------------------------------------------+-------+


+--------------------------------------------------------------------------------------------------------------------------------------------------------------+
; Multiplexer Restructuring Statistics (Restructuring Performed)                                                                                               ;
+--------------------+-----------+---------------+----------------------+------------------------+------------+------------------------------------------------+
; Multiplexer Inputs ; Bus Width ; Baseline Area ; Area if Restructured ; Saving if Restructured ; Registered ; Example Multiplexer Output                     ;
+--------------------+-----------+---------------+----------------------+------------------------+------------+------------------------------------------------+
; 3:1                ; 128 bits  ; 256 LEs       ; 256 LEs              ; 0 LEs                  ; Yes        ; |loop_unrolled_ctr|datapath_reg:reg_1|dout[62] ;
+--------------------+-----------+---------------+----------------------+------------------------+------------+------------------------------------------------+


+------------------------------------------------------+
; Port Connectivity Checks: "key_sch:sch_0"            ;
+--------------------+-------+----------+--------------+
; Port               ; Type  ; Severity ; Details      ;
+--------------------+-------+----------+--------------+
; round_const[8..31] ; Input ; Info     ; Stuck at GND ;
+--------------------+-------+----------+--------------+


+-------------------------------+
; Analysis & Synthesis Messages ;
+-------------------------------+
Info: *******************************************************************
Info: Running Quartus II Analysis & Synthesis
    Info: Version 9.0 Build 132 02/25/2009 SJ Full Version
    Info: Processing started: Sun Jan 01 22:01:58 2023
Info: Command: quartus_map --read_settings_files=on --write_settings_files=off loop_unrolled_ctr -c loop_unrolled_ctr
Info: Found 14 design units, including 7 entities, in source file loop_unrolled_ctr.vhd
    Info: Found design unit 1: sbox_lut-arc
    Info: Found design unit 2: mix_columns-arc
    Info: Found design unit 3: aes_round-beh
    Info: Found design unit 4: key_sch-arc
    Info: Found design unit 5: datapath_reg-arc
    Info: Found design unit 6: dataout_reg-arc
    Info: Found design unit 7: loop_unrolled_ctr-arc
    Info: Found entity 1: sbox_lut
    Info: Found entity 2: mix_columns
    Info: Found entity 3: aes_round
    Info: Found entity 4: key_sch
    Info: Found entity 5: datapath_reg
    Info: Found entity 6: dataout_reg
    Info: Found entity 7: loop_unrolled_ctr
Info: Elaborating entity "loop_unrolled_ctr" for the top level hierarchy
Info: Elaborating entity "key_sch" for hierarchy "key_sch:sch_0"
Info: Elaborating entity "sbox_lut" for hierarchy "key_sch:sch_0|sbox_lut:\gen_00:0:s"
Info: Elaborating entity "datapath_reg" for hierarchy "datapath_reg:reg_0"
Info: Elaborating entity "aes_round" for hierarchy "aes_round:r_0"
Info: Elaborating entity "mix_columns" for hierarchy "aes_round:r_0|mix_columns:mix"
Info: Implemented 5790 device resources after synthesis - the final resource count might be different
    Info: Implemented 130 input pins
    Info: Implemented 128 output pins
    Info: Implemented 5532 logic cells
Info: Quartus II Analysis & Synthesis was successful. 0 errors, 0 warnings
    Info: Peak virtual memory: 260 megabytes
    Info: Processing ended: Sun Jan 01 22:03:06 2023
    Info: Elapsed time: 00:01:08
    Info: Total CPU time (on all processors): 00:01:06


